<?xml version="1.0" encoding="UTF-8" standalone="no"?>
<testsuite failures="4" name="cucumber.runtime.formatter.JUnitFormatter" skipped="0" tests="4" time="11.738261">
<testcase classname="Hotel Booking Form" name="An online visitor can book a hotel room" time="11.727804">
<failure message="org.openqa.selenium.TimeoutException: Expected condition failed: waiting for text ('Westley') to be present in element found by By.id: bookings (tried for 5 second(s) with 500 milliseconds interval)&#10;Build info: version: '3.11.0', revision: 'e59cfb3', time: '2018-03-11T20:26:55.152Z'&#10;System info: host: 'paulh-VirtualBox', ip: '127.0.1.1', os.name: 'Linux', os.arch: 'amd64', os.version: '4.13.0-38-generic', java.version: '1.8.0_161'&#10;Driver info: org.openqa.selenium.chrome.ChromeDriver&#10;Capabilities {acceptInsecureCerts: false, acceptSslCerts: false, applicationCacheEnabled: false, browserConnectionEnabled: false, browserName: chrome, chrome: {chromedriverVersion: 2.37.544315 (730aa6a5fdba15..., userDataDir: /tmp/.org.chromium.Chromium...}, cssSelectorsEnabled: true, databaseEnabled: false, handlesAlerts: true, hasTouchScreen: false, javascriptEnabled: true, locationContextEnabled: true, mobileEmulationEnabled: false, nativeEvents: true, networkConnectionEnabled: false, pageLoadStrategy: normal, platform: LINUX, platformName: LINUX, rotatable: false, setWindowRect: true, takesHeapSnapshot: true, takesScreenshot: true, unexpectedAlertBehaviour: , unhandledPromptBehavior: , version: 65.0.3325.181, webStorageEnabled: true}&#10;Session ID: 2e1fbf881cbc1e6220d785c77df5973d&#10;&#9;at org.openqa.selenium.support.ui.WebDriverWait.timeoutException(WebDriverWait.java:81)&#10;&#9;at org.openqa.selenium.support.ui.FluentWait.until(FluentWait.java:271)&#10;&#9;at com.bookings.pageobjects.BookingFormPage.findUniqueBooking(BookingFormPage.java:34)&#10;&#9;at com.bookings.stepdefinitiions.BookingFormStep.their_booking_will_appear_on_the_form(BookingFormStep.java:28)&#10;&#9;at ✽.Then their booking will appear on the form(hotel_booking_form.feature:13)&#10;"><![CDATA[Given the visitor is on the hotel booking form page.........................passed
And the visitor makes a booking.............................................passed
Then their booking will appear on the form..................................failed

StackTrace:
org.openqa.selenium.TimeoutException: Expected condition failed: waiting for text ('Westley') to be present in element found by By.id: bookings (tried for 5 second(s) with 500 milliseconds interval)
Build info: version: '3.11.0', revision: 'e59cfb3', time: '2018-03-11T20:26:55.152Z'
System info: host: 'paulh-VirtualBox', ip: '127.0.1.1', os.name: 'Linux', os.arch: 'amd64', os.version: '4.13.0-38-generic', java.version: '1.8.0_161'
Driver info: org.openqa.selenium.chrome.ChromeDriver
Capabilities {acceptInsecureCerts: false, acceptSslCerts: false, applicationCacheEnabled: false, browserConnectionEnabled: false, browserName: chrome, chrome: {chromedriverVersion: 2.37.544315 (730aa6a5fdba15..., userDataDir: /tmp/.org.chromium.Chromium...}, cssSelectorsEnabled: true, databaseEnabled: false, handlesAlerts: true, hasTouchScreen: false, javascriptEnabled: true, locationContextEnabled: true, mobileEmulationEnabled: false, nativeEvents: true, networkConnectionEnabled: false, pageLoadStrategy: normal, platform: LINUX, platformName: LINUX, rotatable: false, setWindowRect: true, takesHeapSnapshot: true, takesScreenshot: true, unexpectedAlertBehaviour: , unhandledPromptBehavior: , version: 65.0.3325.181, webStorageEnabled: true}
Session ID: 2e1fbf881cbc1e6220d785c77df5973d
	at org.openqa.selenium.support.ui.WebDriverWait.timeoutException(WebDriverWait.java:81)
	at org.openqa.selenium.support.ui.FluentWait.until(FluentWait.java:271)
	at com.bookings.pageobjects.BookingFormPage.findUniqueBooking(BookingFormPage.java:34)
	at com.bookings.stepdefinitiions.BookingFormStep.their_booking_will_appear_on_the_form(BookingFormStep.java:28)
	at ✽.Then their booking will appear on the form(hotel_booking_form.feature:13)
]]></failure>
</testcase>
<testcase classname="Hotel Booking Form" name="Each booking will have an associated Delete button" time="0.002026">
<failure message="org.openqa.selenium.NoSuchSessionException: Session ID is null. Using WebDriver after calling quit()?&#10;Build info: version: '3.11.0', revision: 'e59cfb3', time: '2018-03-11T20:26:55.152Z'&#10;System info: host: 'paulh-VirtualBox', ip: '127.0.1.1', os.name: 'Linux', os.arch: 'amd64', os.version: '4.13.0-38-generic', java.version: '1.8.0_161'&#10;Driver info: driver.version: RemoteWebDriver&#10;&#9;at org.openqa.selenium.remote.HttpCommandExecutor.execute(HttpCommandExecutor.java:125)&#10;&#9;at org.openqa.selenium.remote.service.DriverCommandExecutor.execute(DriverCommandExecutor.java:83)&#10;&#9;at org.openqa.selenium.remote.RemoteWebDriver.execute(RemoteWebDriver.java:545)&#10;&#9;at org.openqa.selenium.remote.RemoteWebDriver.get(RemoteWebDriver.java:273)&#10;&#9;at com.bookings.pageobjects.BookingFormPage.open(BookingFormPage.java:25)&#10;&#9;at com.bookings.stepdefinitiions.BookingFormStep.the_visitor_is_on_the_hotel_booking_form_page(BookingFormStep.java:16)&#10;&#9;at ✽.Given the visitor is on the hotel booking form page(hotel_booking_form.feature:9)&#10;"><![CDATA[Given the visitor is on the hotel booking form page.........................failed
And the visitor makes a booking.............................................skipped
Then each booking will have a Delete button.................................skipped
And their booking will appear on the form...................................skipped

StackTrace:
org.openqa.selenium.NoSuchSessionException: Session ID is null. Using WebDriver after calling quit()?
Build info: version: '3.11.0', revision: 'e59cfb3', time: '2018-03-11T20:26:55.152Z'
System info: host: 'paulh-VirtualBox', ip: '127.0.1.1', os.name: 'Linux', os.arch: 'amd64', os.version: '4.13.0-38-generic', java.version: '1.8.0_161'
Driver info: driver.version: RemoteWebDriver
	at org.openqa.selenium.remote.HttpCommandExecutor.execute(HttpCommandExecutor.java:125)
	at org.openqa.selenium.remote.service.DriverCommandExecutor.execute(DriverCommandExecutor.java:83)
	at org.openqa.selenium.remote.RemoteWebDriver.execute(RemoteWebDriver.java:545)
	at org.openqa.selenium.remote.RemoteWebDriver.get(RemoteWebDriver.java:273)
	at com.bookings.pageobjects.BookingFormPage.open(BookingFormPage.java:25)
	at com.bookings.stepdefinitiions.BookingFormStep.the_visitor_is_on_the_hotel_booking_form_page(BookingFormStep.java:16)
	at ✽.Given the visitor is on the hotel booking form page(hotel_booking_form.feature:9)
]]></failure>
</testcase>
<testcase classname="Hotel Booking Form" name="An on line visitor can delete their booking" time="0.002461">
<failure message="org.openqa.selenium.NoSuchSessionException: Session ID is null. Using WebDriver after calling quit()?&#10;Build info: version: '3.11.0', revision: 'e59cfb3', time: '2018-03-11T20:26:55.152Z'&#10;System info: host: 'paulh-VirtualBox', ip: '127.0.1.1', os.name: 'Linux', os.arch: 'amd64', os.version: '4.13.0-38-generic', java.version: '1.8.0_161'&#10;Driver info: driver.version: RemoteWebDriver&#10;&#9;at org.openqa.selenium.remote.HttpCommandExecutor.execute(HttpCommandExecutor.java:125)&#10;&#9;at org.openqa.selenium.remote.service.DriverCommandExecutor.execute(DriverCommandExecutor.java:83)&#10;&#9;at org.openqa.selenium.remote.RemoteWebDriver.execute(RemoteWebDriver.java:545)&#10;&#9;at org.openqa.selenium.remote.RemoteWebDriver.get(RemoteWebDriver.java:273)&#10;&#9;at com.bookings.pageobjects.BookingFormPage.open(BookingFormPage.java:25)&#10;&#9;at com.bookings.stepdefinitiions.BookingFormStep.the_visitor_is_on_the_hotel_booking_form_page(BookingFormStep.java:16)&#10;&#9;at ✽.Given the visitor is on the hotel booking form page(hotel_booking_form.feature:9)&#10;"><![CDATA[Given the visitor is on the hotel booking form page.........................failed
And the visitor decides to delete their booking.............................skipped
Then the booking will no longer be visible on the form......................skipped

StackTrace:
org.openqa.selenium.NoSuchSessionException: Session ID is null. Using WebDriver after calling quit()?
Build info: version: '3.11.0', revision: 'e59cfb3', time: '2018-03-11T20:26:55.152Z'
System info: host: 'paulh-VirtualBox', ip: '127.0.1.1', os.name: 'Linux', os.arch: 'amd64', os.version: '4.13.0-38-generic', java.version: '1.8.0_161'
Driver info: driver.version: RemoteWebDriver
	at org.openqa.selenium.remote.HttpCommandExecutor.execute(HttpCommandExecutor.java:125)
	at org.openqa.selenium.remote.service.DriverCommandExecutor.execute(DriverCommandExecutor.java:83)
	at org.openqa.selenium.remote.RemoteWebDriver.execute(RemoteWebDriver.java:545)
	at org.openqa.selenium.remote.RemoteWebDriver.get(RemoteWebDriver.java:273)
	at com.bookings.pageobjects.BookingFormPage.open(BookingFormPage.java:25)
	at com.bookings.stepdefinitiions.BookingFormStep.the_visitor_is_on_the_hotel_booking_form_page(BookingFormStep.java:16)
	at ✽.Given the visitor is on the hotel booking form page(hotel_booking_form.feature:9)
]]></failure>
</testcase>
<testcase classname="Hotel Booking Form" name="An online visitor is must fill in all fields before making a booking" time="0.00597">
<failure message="org.openqa.selenium.NoSuchSessionException: Session ID is null. Using WebDriver after calling quit()?&#10;Build info: version: '3.11.0', revision: 'e59cfb3', time: '2018-03-11T20:26:55.152Z'&#10;System info: host: 'paulh-VirtualBox', ip: '127.0.1.1', os.name: 'Linux', os.arch: 'amd64', os.version: '4.13.0-38-generic', java.version: '1.8.0_161'&#10;Driver info: driver.version: RemoteWebDriver&#10;&#9;at org.openqa.selenium.remote.HttpCommandExecutor.execute(HttpCommandExecutor.java:125)&#10;&#9;at org.openqa.selenium.remote.service.DriverCommandExecutor.execute(DriverCommandExecutor.java:83)&#10;&#9;at org.openqa.selenium.remote.RemoteWebDriver.execute(RemoteWebDriver.java:545)&#10;&#9;at org.openqa.selenium.remote.RemoteWebDriver.get(RemoteWebDriver.java:273)&#10;&#9;at com.bookings.pageobjects.BookingFormPage.open(BookingFormPage.java:25)&#10;&#9;at com.bookings.stepdefinitiions.BookingFormStep.the_visitor_is_on_the_hotel_booking_form_page(BookingFormStep.java:16)&#10;&#9;at ✽.Given the visitor is on the hotel booking form page(hotel_booking_form.feature:9)&#10;"><![CDATA[Given the visitor is on the hotel booking form page.........................failed
When the visitor attempts to save the booking form without completing all fields.skipped
Then the booking will not be made...........................................skipped

StackTrace:
org.openqa.selenium.NoSuchSessionException: Session ID is null. Using WebDriver after calling quit()?
Build info: version: '3.11.0', revision: 'e59cfb3', time: '2018-03-11T20:26:55.152Z'
System info: host: 'paulh-VirtualBox', ip: '127.0.1.1', os.name: 'Linux', os.arch: 'amd64', os.version: '4.13.0-38-generic', java.version: '1.8.0_161'
Driver info: driver.version: RemoteWebDriver
	at org.openqa.selenium.remote.HttpCommandExecutor.execute(HttpCommandExecutor.java:125)
	at org.openqa.selenium.remote.service.DriverCommandExecutor.execute(DriverCommandExecutor.java:83)
	at org.openqa.selenium.remote.RemoteWebDriver.execute(RemoteWebDriver.java:545)
	at org.openqa.selenium.remote.RemoteWebDriver.get(RemoteWebDriver.java:273)
	at com.bookings.pageobjects.BookingFormPage.open(BookingFormPage.java:25)
	at com.bookings.stepdefinitiions.BookingFormStep.the_visitor_is_on_the_hotel_booking_form_page(BookingFormStep.java:16)
	at ✽.Given the visitor is on the hotel booking form page(hotel_booking_form.feature:9)
]]></failure>
</testcase>
</testsuite>
